2026-03-20 21:13:33,823 [INFO] archigent.server: 🚀 ArchiGent 서버 시작 중...
2026-03-20 21:15:42,769 [INFO] archigent.server: 🚀 ArchiGent 서버 시작 중...
2026-03-20 21:19:19,850 [INFO] archigent.server: 🚀 ArchiGent 서버 시작 중...
2026-03-20 21:24:51,558 [INFO] archigent.server: 🚀 ArchiGent 서버 시작 중...
2026-03-20 21:28:23,892 [INFO] archigent.server: 🚀 ArchiGent 서버 시작 중...
2026-03-20 21:32:11,355 [INFO] archigent.server: 🚀 ArchiGent 서버 시작 — http://localhost:8000
2026-03-20 21:32:46,212 [INFO] archigent.server: 🚀 ArchiGent 서버 시작 — http://localhost:8000
2026-03-20 21:35:11,556 [INFO] archigent.server: 🚀 ArchiGent 서버 시작 — http://localhost:8000
2026-03-20 21:35:14,037 [INFO] archigent.server: 🌐 [BROWSER] DOMContentLoaded
2026-03-20 21:35:14,039 [INFO] archigent.server: 🌐 [BROWSER] loadFiles() called
2026-03-20 21:35:14,086 [INFO] archigent.server: 🌐 [BROWSER] Files received: ["Ifc4_SampleHouse_IfcWallStandardCase.ifc","output_Ifc4_SampleHouse_IfcWallStandardCase.ifc"]
2026-03-20 21:35:14,090 [INFO] archigent.server: 🌐 [BROWSER] Viewer: Starting import...
2026-03-20 21:35:17,832 [INFO] archigent.server: 🌐 [BROWSER] Viewer: Modules loaded successfully
2026-03-20 21:35:17,868 [INFO] archigent.server: 🌐 [BROWSER] Viewer: Initialized OK
2026-03-20 21:35:17,908 [INFO] archigent.server: 🌐 [BROWSER] IFC model loaded OK
2026-03-20 21:35:38,429 [INFO] archigent.server: 🌐 [BROWSER] loadFiles() called
2026-03-20 21:35:38,436 [INFO] archigent.server: 🌐 [BROWSER] Files received: ["Ifc4_SampleHouse_IfcWallStandardCase.ifc"]
2026-03-20 21:38:06,318 [INFO] archigent.server: 🚀 ArchiGent 서버 시작 — http://localhost:8000
2026-03-20 21:38:08,019 [INFO] archigent.server: 🌐 [BROWSER] DOMContentLoaded
2026-03-20 21:38:08,022 [INFO] archigent.server: 🌐 [BROWSER] loadFiles() called
2026-03-20 21:38:08,034 [INFO] archigent.server: 🌐 [BROWSER] Files received: ["Ifc4_SampleHouse_IfcWallStandardCase.ifc"]
2026-03-20 21:38:08,039 [INFO] archigent.server: 🌐 [BROWSER] Viewer: Starting import...
2026-03-20 21:38:08,132 [INFO] archigent.server: 🌐 [BROWSER] Viewer: Modules loaded successfully
2026-03-20 21:38:08,195 [INFO] archigent.server: 🌐 [BROWSER] Viewer: Initialized OK
2026-03-20 21:38:08,198 [INFO] archigent.server: 🌐 [BROWSER] Starting loadIFC: Ifc4_SampleHouse_IfcWallStandardCase.ifc
2026-03-20 21:38:08,268 [INFO] archigent.server: 🌐 [BROWSER] loadIFC error: viewer.context.ifcCamera.viewFitAll is not a function
2026-03-20 21:38:30,965 [INFO] archigent.server: 🌐 [BROWSER] loadFiles() called
2026-03-20 21:38:30,979 [INFO] archigent.server: 🌐 [BROWSER] Files received: ["Ifc4_SampleHouse_IfcWallStandardCase.ifc"]
2026-03-20 21:39:11,741 [INFO] archigent.server: 🚀 ArchiGent 서버 시작 — http://localhost:8000
2026-03-20 21:39:14,310 [INFO] archigent.server: 🌐 [BROWSER] DOMContentLoaded
2026-03-20 21:39:14,315 [INFO] archigent.server: 🌐 [BROWSER] loadFiles() called
2026-03-20 21:39:14,325 [INFO] archigent.server: 🌐 [BROWSER] Files received: ["Ifc4_SampleHouse_IfcWallStandardCase.ifc"]
2026-03-20 21:39:14,333 [INFO] archigent.server: 🌐 [BROWSER] Viewer: Starting import...
2026-03-20 21:39:14,421 [INFO] archigent.server: 🌐 [BROWSER] Viewer: Modules loaded successfully
2026-03-20 21:39:14,460 [INFO] archigent.server: 🌐 [BROWSER] Viewer: Initialized OK
2026-03-20 21:39:14,463 [INFO] archigent.server: 🌐 [BROWSER] Starting loadIFC: Ifc4_SampleHouse_IfcWallStandardCase.ifc
2026-03-20 21:39:14,503 [INFO] archigent.server: 🌐 [BROWSER] Camera fit failed: viewer.IFC.context.ifcCamera.viewFitAll is not a function
2026-03-20 21:39:14,504 [INFO] archigent.server: 🌐 [BROWSER] IFC load and fit OK
2026-03-20 21:39:24,005 [INFO] archigent.server: 🌐 [BROWSER] loadFiles() called
2026-03-20 21:39:24,015 [INFO] archigent.server: 🌐 [BROWSER] Files received: ["Ifc4_SampleHouse_IfcWallStandardCase.ifc"]
2026-03-20 21:40:06,260 [INFO] archigent.server: 🚀 ArchiGent 서버 시작 — http://localhost:8000
2026-03-20 21:40:13,332 [INFO] archigent.server: 🌐 [BROWSER] DOMContentLoaded
2026-03-20 21:40:13,336 [INFO] archigent.server: 🌐 [BROWSER] loadFiles() called
2026-03-20 21:40:13,343 [INFO] archigent.server: 🌐 [BROWSER] Files received: ["Ifc4_SampleHouse_IfcWallStandardCase.ifc"]
2026-03-20 21:40:13,346 [INFO] archigent.server: 🌐 [BROWSER] Viewer: Starting import...
2026-03-20 21:40:13,427 [INFO] archigent.server: 🌐 [BROWSER] Viewer: Modules loaded successfully
2026-03-20 21:40:13,463 [INFO] archigent.server: 🌐 [BROWSER] Viewer: Initialized OK
2026-03-20 21:40:13,465 [INFO] archigent.server: 🌐 [BROWSER] Starting loadIFC: Ifc4_SampleHouse_IfcWallStandardCase.ifc
2026-03-20 21:40:13,499 [INFO] archigent.server: 🌐 [BROWSER] Camera fit failed: viewer.IFC.context.ifcCamera.viewFitAll is not a function
2026-03-20 21:40:13,501 [INFO] archigent.server: 🌐 [BROWSER] IFC load and fit OK
2026-03-20 21:42:26,222 [INFO] archigent.server: 🚀 ArchiGent 서버 시작 — http://localhost:8000
2026-03-20 21:42:45,578 [INFO] archigent.server: 🌐 [BROWSER] DOMContentLoaded
2026-03-20 21:42:45,583 [INFO] archigent.server: 🌐 [BROWSER] loadFiles() called
2026-03-20 21:42:45,651 [INFO] archigent.server: 🌐 [BROWSER] Files received: ["Ifc4_SampleHouse_IfcWallStandardCase.ifc"]
2026-03-20 21:42:45,655 [INFO] archigent.server: 🌐 [BROWSER] Viewer: Starting import...
2026-03-20 21:42:45,768 [INFO] archigent.server: 🌐 [BROWSER] Viewer: Modules loaded successfully
2026-03-20 21:42:45,810 [INFO] archigent.server: 🌐 [BROWSER] Viewer: Initialized OK
2026-03-20 21:42:45,813 [INFO] archigent.server: 🌐 [BROWSER] Starting loadIFC: Ifc4_SampleHouse_IfcWallStandardCase.ifc
2026-03-20 21:42:45,856 [INFO] archigent.server: 🌐 [BROWSER] Camera fit failed: viewer.IFC.context.ifcCamera.viewFitAll is not a function
2026-03-20 21:42:45,859 [INFO] archigent.server: 🌐 [BROWSER] IFC load and fit OK
2026-03-20 21:45:11,067 [INFO] archigent.server: 🚀 ArchiGent 서버 시작 — http://localhost:8000
2026-03-20 21:45:18,137 [INFO] archigent.server: 🌐 [BROWSER] Window Loaded
2026-03-20 21:45:18,147 [INFO] archigent.server: 🌐 [BROWSER] Viewer: Initializing with UMD globals...
2026-03-20 21:45:18,149 [INFO] archigent.server: 🌐 [BROWSER] Viewer init error: IfcViewerAPI not found in global scope
2026-03-20 21:59:19,751 [INFO] archigent.server: 🚀 ArchiGent 서버 시작 — http://localhost:8000
2026-03-20 21:59:22,851 [INFO] archigent.server: 🌐 [BROWSER] Window Loaded
2026-03-20 21:59:22,859 [INFO] archigent.server: 🌐 [BROWSER] Viewer: Initializing with Modern ESM...
2026-03-20 21:59:22,922 [INFO] archigent.server: 🌐 [BROWSER] Viewer init error: Aborted(LinkError: WebAssembly.instantiate(): Import #51 "a" "Z": function import requires a callable). Build with -sASSERTIONS for more info.
2026-03-20 22:03:27,597 [INFO] archigent.server: 🚀 ArchiGent 서버 시작 — http://localhost:8000
2026-03-20 22:03:30,326 [INFO] archigent.server: 🌐 [BROWSER] Window Loaded
2026-03-20 22:03:30,374 [INFO] archigent.server: 🌐 [BROWSER] Viewer: Initializing with Modern ESM...
2026-03-20 22:03:30,431 [INFO] archigent.server: 🌐 [BROWSER] Viewer init error: Aborted(LinkError: WebAssembly.instantiate(): Import #51 "a" "Z": function import requires a callable). Build with -sASSERTIONS for more info.
2026-03-20 22:04:47,902 [INFO] archigent.server: 🚀 ArchiGent 서버 시작 — http://localhost:8000
2026-03-20 22:04:50,911 [INFO] archigent.server: 🌐 [BROWSER] Window Loaded
2026-03-20 22:04:50,920 [INFO] archigent.server: 🌐 [BROWSER] Viewer: Initializing with Modern ESM...
2026-03-20 22:04:50,959 [INFO] archigent.server: 🌐 [BROWSER] Viewer init error: not compiled for this environment (did you build to HTML and try to run it not on the web, or set ENVIRONMENT to something - like node - and run it someplace else - like on the web?)
2026-03-20 22:05:09,073 [INFO] archigent.server: 🌐 [BROWSER] Window Loaded
2026-03-20 22:05:09,081 [INFO] archigent.server: 🌐 [BROWSER] Viewer: Initializing with Modern ESM...
2026-03-20 22:05:09,153 [INFO] archigent.server: 🌐 [BROWSER] Viewer init error: Aborted(TypeError: WebAssembly.instantiate(): Import #0 "a": module is not an object or function)
2026-03-20 22:05:27,905 [INFO] archigent.server: 🚀 ArchiGent 서버 시작 — http://localhost:8000
2026-03-20 22:05:28,247 [INFO] archigent.server: 🌐 [BROWSER] Window Loaded
2026-03-20 22:05:28,300 [INFO] archigent.server: 🌐 [BROWSER] Viewer: Initializing with Modern ESM...
2026-03-20 22:05:28,436 [INFO] archigent.server: 🌐 [BROWSER] Viewer: Initialized OK (ESM)
2026-03-20 22:05:28,442 [INFO] archigent.server: 🌐 [BROWSER] Starting loadIFC: Ifc4_SampleHouse_IfcWallStandardCase.ifc
2026-03-20 22:05:28,477 [INFO] archigent.server: 🌐 [BROWSER] IFC Loaded!
2026-03-20 22:05:31,007 [INFO] archigent.server: 🌐 [BROWSER] Window Loaded
2026-03-20 22:05:31,013 [INFO] archigent.server: 🌐 [BROWSER] Viewer: Initializing with Modern ESM...
2026-03-20 22:05:31,060 [INFO] archigent.server: 🌐 [BROWSER] Viewer: Initialized OK (ESM)
2026-03-20 22:05:31,062 [INFO] archigent.server: 🌐 [BROWSER] Starting loadIFC: Ifc4_SampleHouse_IfcWallStandardCase.ifc
2026-03-20 22:05:31,070 [INFO] archigent.server: 🌐 [BROWSER] IFC Loaded!
2026-03-20 22:05:37,768 [INFO] archigent.server: 🌐 [BROWSER] Window Loaded
2026-03-20 22:05:37,821 [INFO] archigent.server: 🌐 [BROWSER] Viewer: Initializing with Modern ESM...
2026-03-20 22:05:37,871 [INFO] archigent.server: 🌐 [BROWSER] Viewer: Initialized OK (ESM)
2026-03-20 22:05:37,873 [INFO] archigent.server: 🌐 [BROWSER] Starting loadIFC: Ifc4_SampleHouse_IfcWallStandardCase.ifc
2026-03-20 22:05:37,882 [INFO] archigent.server: 🌐 [BROWSER] IFC Loaded!
2026-03-20 22:05:40,431 [INFO] archigent.server: 🌐 [BROWSER] Window Loaded
2026-03-20 22:05:40,437 [INFO] archigent.server: 🌐 [BROWSER] Viewer: Initializing with Modern ESM...
2026-03-20 22:05:40,479 [INFO] archigent.server: 🌐 [BROWSER] Viewer: Initialized OK (ESM)
2026-03-20 22:05:40,481 [INFO] archigent.server: 🌐 [BROWSER] Starting loadIFC: Ifc4_SampleHouse_IfcWallStandardCase.ifc
2026-03-20 22:05:40,489 [INFO] archigent.server: 🌐 [BROWSER] IFC Loaded!
2026-03-20 22:05:49,335 [INFO] archigent.server: 🌐 [BROWSER] Window Loaded
2026-03-20 22:05:49,341 [INFO] archigent.server: 🌐 [BROWSER] Viewer: Initializing with Modern ESM...
2026-03-20 22:05:49,423 [INFO] archigent.server: 🌐 [BROWSER] Viewer: Initialized OK (ESM)
2026-03-20 22:05:49,425 [INFO] archigent.server: 🌐 [BROWSER] Starting loadIFC: Ifc4_SampleHouse_IfcWallStandardCase.ifc
2026-03-20 22:05:49,437 [INFO] archigent.server: 🌐 [BROWSER] IFC Loaded!
2026-03-20 22:06:15,771 [INFO] archigent.server: 🌐 [BROWSER] Window Loaded
2026-03-20 22:06:15,777 [INFO] archigent.server: 🌐 [BROWSER] Viewer: Initializing with Modern ESM...
2026-03-20 22:06:15,835 [INFO] archigent.server: 🌐 [BROWSER] Viewer: Initialized OK (ESM)
2026-03-20 22:06:15,843 [INFO] archigent.server: 🌐 [BROWSER] Starting loadIFC: Ifc2s3_Duplex_Electrical.ifc
2026-03-20 22:06:15,957 [INFO] archigent.server: 🌐 [BROWSER] IFC Loaded!
2026-03-20 22:06:18,624 [INFO] archigent.server: 🌐 [BROWSER] Starting loadIFC: Ifc4_SampleHouse_IfcWallStandardCase.ifc
2026-03-20 22:06:18,654 [INFO] archigent.server: 🌐 [BROWSER] IFC Loaded!
2026-03-20 22:09:07,831 [INFO] archigent.server: 🌐 [BROWSER] Starting loadIFC: Ifc2x3_Duplex_Architecture.ifc
2026-03-20 22:09:08,005 [INFO] archigent.server: 🌐 [BROWSER] IFC Loaded!
2026-03-20 22:09:10,071 [INFO] archigent.server: 🌐 [BROWSER] Starting loadIFC: Ifc2x3_Duplex_MEP.ifc
2026-03-20 22:09:10,826 [INFO] archigent.server: 🌐 [BROWSER] IFC Loaded!
2026-03-20 22:09:12,487 [INFO] archigent.server: 🌐 [BROWSER] Starting loadIFC: Ifc2x3_Duplex_Mechanical.ifc
2026-03-20 22:09:12,863 [INFO] archigent.server: 🌐 [BROWSER] IFC Loaded!
2026-03-20 22:09:26,466 [INFO] archigent.server: 🌐 [BROWSER] Starting loadIFC: Ifc2x3_Duplex_Architecture.ifc
2026-03-20 22:09:26,576 [INFO] archigent.server: 🌐 [BROWSER] IFC Loaded!
2026-03-20 22:09:30,399 [INFO] archigent.server: 🌐 [BROWSER] Starting loadIFC: Ifc2x3_Duplex_Architecture.ifc
2026-03-20 22:09:30,502 [INFO] archigent.server: 🌐 [BROWSER] IFC Loaded!
2026-03-20 22:09:31,263 [INFO] archigent.server: 🌐 [BROWSER] Starting loadIFC: Ifc2s3_Duplex_Electrical.ifc
2026-03-20 22:09:31,337 [INFO] archigent.server: 🌐 [BROWSER] IFC Loaded!
2026-03-20 22:09:34,580 [INFO] archigent.server: 🌐 [BROWSER] Window Loaded
2026-03-20 22:09:34,585 [INFO] archigent.server: 🌐 [BROWSER] Viewer: Initializing with Modern ESM...
2026-03-20 22:09:34,652 [INFO] archigent.server: 🌐 [BROWSER] Viewer: Initialized OK (ESM)
2026-03-20 22:09:34,654 [INFO] archigent.server: 🌐 [BROWSER] Starting loadIFC: Ifc2s3_Duplex_Electrical.ifc
2026-03-20 22:09:34,738 [INFO] archigent.server: 🌐 [BROWSER] IFC Loaded!
2026-03-20 22:09:36,489 [INFO] archigent.server: 🌐 [BROWSER] Window Loaded
2026-03-20 22:09:36,497 [INFO] archigent.server: 🌐 [BROWSER] Viewer: Initializing with Modern ESM...
2026-03-20 22:09:36,536 [INFO] archigent.server: 🌐 [BROWSER] Viewer: Initialized OK (ESM)
2026-03-20 22:09:36,538 [INFO] archigent.server: 🌐 [BROWSER] Starting loadIFC: Ifc2s3_Duplex_Electrical.ifc
2026-03-20 22:09:36,615 [INFO] archigent.server: 🌐 [BROWSER] IFC Loaded!
2026-03-20 22:09:38,983 [INFO] archigent.server: 🌐 [BROWSER] Starting loadIFC: Ifc2x3_Duplex_Architecture.ifc
2026-03-20 22:09:39,088 [INFO] archigent.server: 🌐 [BROWSER] IFC Loaded!
2026-03-20 22:09:40,543 [INFO] archigent.server: 🌐 [BROWSER] Starting loadIFC: Ifc4_WallElementedCase.ifc
2026-03-20 22:09:40,574 [INFO] archigent.server: 🌐 [BROWSER] IFC Loaded!
2026-03-20 22:09:43,265 [INFO] archigent.server: 🌐 [BROWSER] Starting loadIFC: Ifc4_SampleHouse_IfcWindow.ifc
2026-03-20 22:09:43,288 [INFO] archigent.server: 🌐 [BROWSER] IFC Loaded!
2026-03-20 22:11:46,662 [INFO] archigent.server: 🚀 ArchiGent 서버 시작 — http://localhost:8000
2026-03-20 22:11:48,721 [INFO] archigent.server: 🌐 [BROWSER] [Original] Loading: Ifc2s3_Duplex_Electrical.ifc
2026-03-20 22:11:48,879 [INFO] archigent.server: 🌐 [BROWSER] [Original] IFC Loaded: Ifc2s3_Duplex_Electrical.ifc
2026-03-20 22:11:52,328 [INFO] archigent.server: 🌐 [BROWSER] [Original] Loading: Ifc4_CubeAdvancedBrep.ifc
2026-03-20 22:11:52,365 [INFO] archigent.server: 🌐 [BROWSER] [Original] IFC Loaded: Ifc4_CubeAdvancedBrep.ifc
2026-03-20 22:11:54,527 [INFO] archigent.server: 🌐 [BROWSER] [Original] Loading: Ifc4_SampleHouse_IfcWallStandardCase.ifc
2026-03-20 22:11:54,538 [INFO] archigent.server: 🌐 [BROWSER] [Original] IFC Loaded: Ifc4_SampleHouse_IfcWallStandardCase.ifc
2026-03-20 22:12:01,087 [INFO] archigent.server: 🌐 [BROWSER] [Original] Loading: Ifc4_Revit_STR.ifc
2026-03-20 22:12:01,694 [INFO] archigent.server: 🌐 [BROWSER] [Original] IFC Loaded: Ifc4_Revit_STR.ifc
2026-03-20 22:14:26,168 [INFO] archigent.server: 🚀 ArchiGent 서버 시작 — http://localhost:8000
2026-03-20 22:14:28,115 [INFO] archigent.server: 🌐 [BROWSER] [Original] Loading: Ifc2s3_Duplex_Electrical.ifc
2026-03-20 22:14:28,247 [INFO] archigent.server: 🌐 [BROWSER] [Original] IFC Loaded: Ifc2s3_Duplex_Electrical.ifc
2026-03-20 22:14:39,423 [INFO] archigent.server: 🌐 [BROWSER] [Original] Loading: Ifc2s3_Duplex_Electrical.ifc
2026-03-20 22:14:39,513 [INFO] archigent.server: 🌐 [BROWSER] [Original] IFC Loaded: Ifc2s3_Duplex_Electrical.ifc
2026-03-20 22:15:01,703 [INFO] archigent.server: 🌐 [BROWSER] [Original] Loading: Ifc2x3_Duplex_Architecture.ifc
2026-03-20 22:15:01,878 [INFO] archigent.server: 🌐 [BROWSER] [Original] IFC Loaded: Ifc2x3_Duplex_Architecture.ifc
2026-03-20 22:15:18,879 [INFO] archigent.server: 🌐 [BROWSER] [Original] Loading: Ifc4_SampleHouse_1_Roof.ifc
2026-03-20 22:15:18,905 [INFO] archigent.server: 🌐 [BROWSER] [Original] IFC Loaded: Ifc4_SampleHouse_1_Roof.ifc
2026-03-20 22:15:40,664 [INFO] archigent.server: 🌐 [BROWSER] [Original] Loading: Ifc2s3_Duplex_Electrical.ifc
2026-03-20 22:15:40,740 [INFO] archigent.server: 🌐 [BROWSER] [Original] IFC Loaded: Ifc2s3_Duplex_Electrical.ifc
2026-03-20 22:15:41,519 [INFO] archigent.server: 🌐 [BROWSER] [Original] Loading: Ifc2x3_Duplex_Architecture.ifc
2026-03-20 22:15:41,623 [INFO] archigent.server: 🌐 [BROWSER] [Original] IFC Loaded: Ifc2x3_Duplex_Architecture.ifc
2026-03-20 22:15:42,542 [INFO] archigent.server: 🌐 [BROWSER] [Original] Loading: Ifc2x3_Duplex_Mechanical.ifc
2026-03-20 22:15:42,849 [INFO] archigent.server: 🌐 [BROWSER] [Original] IFC Loaded: Ifc2x3_Duplex_Mechanical.ifc
2026-03-20 22:15:44,118 [INFO] archigent.server: 🌐 [BROWSER] [Original] Loading: Ifc2x3_Duplex_MEP.ifc
2026-03-20 22:15:44,741 [INFO] archigent.server: 🌐 [BROWSER] [Original] IFC Loaded: Ifc2x3_Duplex_MEP.ifc
2026-03-20 22:15:50,921 [INFO] archigent.server: 🌐 [BROWSER] [Original] Loading: Ifc2s3_Duplex_Electrical.ifc
2026-03-20 22:15:51,015 [INFO] archigent.server: 🌐 [BROWSER] [Original] IFC Loaded: Ifc2s3_Duplex_Electrical.ifc
2026-03-20 22:15:55,261 [INFO] archigent.server: 🌐 [BROWSER] [Original] Loading: Ifc2s3_Duplex_Electrical.ifc
2026-03-20 22:15:55,343 [INFO] archigent.server: 🌐 [BROWSER] [Original] IFC Loaded: Ifc2s3_Duplex_Electrical.ifc
2026-03-20 22:15:56,356 [INFO] archigent.server: 🌐 [BROWSER] [Original] Loading: Ifc2s3_Duplex_Electrical.ifc
2026-03-20 22:15:56,449 [INFO] archigent.server: 🌐 [BROWSER] [Original] IFC Loaded: Ifc2s3_Duplex_Electrical.ifc
2026-03-20 22:16:00,069 [INFO] archigent.server: 🌐 [BROWSER] [Original] Loading: Ifc4_BasinFacetedBrep.ifc
2026-03-20 22:16:00,102 [INFO] archigent.server: 🌐 [BROWSER] [Original] IFC Loaded: Ifc4_BasinFacetedBrep.ifc
2026-03-20 22:16:05,907 [INFO] archigent.server: 🌐 [BROWSER] [Original] Loading: Ifc2s3_Duplex_Electrical.ifc
2026-03-20 22:16:05,998 [INFO] archigent.server: 🌐 [BROWSER] [Original] IFC Loaded: Ifc2s3_Duplex_Electrical.ifc
2026-03-20 22:16:08,125 [INFO] archigent.server: 🌐 [BROWSER] [Original] Loading: Ifc2s3_Duplex_Electrical.ifc
2026-03-20 22:16:08,215 [INFO] archigent.server: 🌐 [BROWSER] [Original] IFC Loaded: Ifc2s3_Duplex_Electrical.ifc
2026-03-20 22:16:21,885 [INFO] archigent.server: 🌐 [BROWSER] [Original] Loading: Ifc2x3_SampleCastle.ifc
2026-03-20 22:16:23,192 [INFO] archigent.server: 🌐 [BROWSER] [Original] IFC Loaded: Ifc2x3_SampleCastle.ifc
2026-03-20 22:16:28,842 [INFO] archigent.server: 🌐 [BROWSER] [Original] Loading: Ifc2s3_Duplex_Electrical.ifc
2026-03-20 22:16:28,924 [INFO] archigent.server: 🌐 [BROWSER] [Original] IFC Loaded: Ifc2s3_Duplex_Electrical.ifc
2026-03-20 22:16:29,973 [INFO] archigent.server: 🌐 [BROWSER] [Original] Loading: Ifc4_BasinFacetedBrep.ifc
2026-03-20 22:16:29,979 [INFO] archigent.server: 🌐 [BROWSER] [Original] IFC Loaded: Ifc4_BasinFacetedBrep.ifc
2026-03-20 22:16:31,200 [INFO] archigent.server: 🌐 [BROWSER] [Original] Loading: Ifc2x3_SampleCastle.ifc
2026-03-20 22:16:32,351 [INFO] archigent.server: 🌐 [BROWSER] [Original] IFC Loaded: Ifc2x3_SampleCastle.ifc
2026-03-20 22:16:43,651 [INFO] archigent.server: 🌐 [BROWSER] [Original] Loading: Ifc2s3_Duplex_Electrical.ifc
2026-03-20 22:16:43,741 [INFO] archigent.server: 🌐 [BROWSER] [Original] IFC Loaded: Ifc2s3_Duplex_Electrical.ifc
2026-03-20 22:16:47,031 [INFO] archigent.server: 🌐 [BROWSER] [Original] Loading: Ifc4_BasinFacetedBrep.ifc
2026-03-20 22:16:47,039 [INFO] archigent.server: 🌐 [BROWSER] [Original] IFC Loaded: Ifc4_BasinFacetedBrep.ifc
2026-03-20 22:16:48,126 [INFO] archigent.server: 🌐 [BROWSER] [Original] Loading: Ifc2x3_Duplex_Plumbing.ifc
2026-03-20 22:16:48,967 [INFO] archigent.server: 🌐 [BROWSER] [Original] IFC Loaded: Ifc2x3_Duplex_Plumbing.ifc
2026-03-20 22:16:49,904 [INFO] archigent.server: 🌐 [BROWSER] [Original] Loading: Ifc2x3_Duplex_Mechanical.ifc
2026-03-20 22:16:50,254 [INFO] archigent.server: 🌐 [BROWSER] [Original] IFC Loaded: Ifc2x3_Duplex_Mechanical.ifc
2026-03-20 22:17:04,703 [INFO] archigent.server: 🌐 [BROWSER] [Original] Loading: Ifc2s3_Duplex_Electrical.ifc
2026-03-20 22:17:04,807 [INFO] archigent.server: 🌐 [BROWSER] [Original] IFC Loaded: Ifc2s3_Duplex_Electrical.ifc
2026-03-20 22:17:06,514 [INFO] archigent.server: 🌐 [BROWSER] [Original] Loading: Ifc2s3_Duplex_Electrical.ifc
2026-03-20 22:17:06,751 [INFO] archigent.server: 🌐 [BROWSER] [Original] IFC Loaded: Ifc2s3_Duplex_Electrical.ifc
2026-03-20 22:17:07,284 [INFO] archigent.server: 🌐 [BROWSER] [Original] Loading: Ifc4_CubeAdvancedBrep.ifc
2026-03-20 22:17:07,319 [INFO] archigent.server: 🌐 [BROWSER] [Original] IFC Loaded: Ifc4_CubeAdvancedBrep.ifc
2026-03-20 22:17:10,262 [INFO] archigent.server: 🌐 [BROWSER] [Original] Loading: Ifc2s3_Duplex_Electrical.ifc
2026-03-20 22:17:10,367 [INFO] archigent.server: 🌐 [BROWSER] [Original] IFC Loaded: Ifc2s3_Duplex_Electrical.ifc
2026-03-20 22:17:57,040 [INFO] archigent.server: 🌐 [BROWSER] [Original] Loading: Ifc2x3_Duplex_Architecture.ifc
2026-03-20 22:17:57,196 [INFO] archigent.server: 🌐 [BROWSER] [Original] IFC Loaded: Ifc2x3_Duplex_Architecture.ifc
2026-03-20 22:18:03,191 [INFO] archigent.server: 🌐 [BROWSER] [Original] Loading: Ifc4_Revit_STR.ifc
2026-03-20 22:18:03,675 [INFO] archigent.server: 🌐 [BROWSER] [Original] IFC Loaded: Ifc4_Revit_STR.ifc
2026-03-20 22:18:10,864 [INFO] archigent.server: 🌐 [BROWSER] [Original] Loading: Ifc2s3_Duplex_Electrical.ifc
2026-03-20 22:18:10,943 [INFO] archigent.server: 🌐 [BROWSER] [Original] IFC Loaded: Ifc2s3_Duplex_Electrical.ifc
2026-03-20 22:18:12,879 [INFO] archigent.server: 🌐 [BROWSER] [Original] Loading: Ifc2s3_Duplex_Electrical.ifc
2026-03-20 22:18:12,961 [INFO] archigent.server: 🌐 [BROWSER] [Original] IFC Loaded: Ifc2s3_Duplex_Electrical.ifc
2026-03-20 22:18:36,368 [INFO] archigent.server: 🌐 [BROWSER] [Original] Loading: Ifc4_SampleHouse.ifc
2026-03-20 22:18:36,470 [INFO] archigent.server: 🌐 [BROWSER] [Original] IFC Loaded: Ifc4_SampleHouse.ifc
2026-03-20 22:20:04,796 [INFO] archigent.server: 🌐 [BROWSER] [Original] Loading: Ifc2s3_Duplex_Electrical.ifc
2026-03-20 22:20:04,923 [INFO] archigent.server: 🌐 [BROWSER] [Original] IFC Loaded: Ifc2s3_Duplex_Electrical.ifc
2026-03-20 22:20:07,005 [INFO] archigent.server: 🌐 [BROWSER] [Original] Loading: Ifc4_SampleHouse_IfcWallStandardCase.ifc
2026-03-20 22:20:07,019 [INFO] archigent.server: 🌐 [BROWSER] [Original] IFC Loaded: Ifc4_SampleHouse_IfcWallStandardCase.ifc
2026-03-20 22:20:24,319 [INFO] archigent.server: 🌐 [BROWSER] [Original] Loading: Ifc2s3_Duplex_Electrical.ifc
2026-03-20 22:20:24,410 [INFO] archigent.server: 🌐 [BROWSER] [Original] IFC Loaded: Ifc2s3_Duplex_Electrical.ifc
2026-03-20 22:20:26,049 [INFO] archigent.server: 🌐 [BROWSER] [Original] Loading: Ifc2s3_Duplex_Electrical.ifc
2026-03-20 22:20:26,135 [INFO] archigent.server: 🌐 [BROWSER] [Original] IFC Loaded: Ifc2s3_Duplex_Electrical.ifc
2026-03-20 22:21:20,605 [INFO] archigent.server: 🌐 [BROWSER] [Original] Loading: Ifc4_SampleHouse_1_Roof.ifc
2026-03-20 22:21:20,612 [INFO] archigent.server: 🌐 [BROWSER] [Original] IFC Loaded: Ifc4_SampleHouse_1_Roof.ifc
2026-03-20 22:21:36,291 [INFO] archigent.server: 🌐 [BROWSER] [Original] Loading: Ifc2s3_Duplex_Electrical.ifc
2026-03-20 22:21:36,376 [INFO] archigent.server: 🌐 [BROWSER] [Original] IFC Loaded: Ifc2s3_Duplex_Electrical.ifc
2026-03-20 22:21:44,222 [INFO] archigent.server: 🌐 [BROWSER] [Original] Loading: Ifc2x3_Duplex_Mechanical.ifc
2026-03-20 22:21:44,546 [INFO] archigent.server: 🌐 [BROWSER] [Original] IFC Loaded: Ifc2x3_Duplex_Mechanical.ifc
2026-03-20 22:21:59,107 [INFO] archigent.server: 🌐 [BROWSER] [Original] Loading: Ifc2s3_Duplex_Electrical.ifc
2026-03-20 22:21:59,198 [INFO] archigent.server: 🌐 [BROWSER] [Original] IFC Loaded: Ifc2s3_Duplex_Electrical.ifc
2026-03-20 22:23:33,904 [INFO] archigent.server: 🌐 [BROWSER] [Original] Loading: Ifc2s3_Duplex_Electrical.ifc
2026-03-20 22:23:34,003 [INFO] archigent.server: 🌐 [BROWSER] [Original] IFC Loaded: Ifc2s3_Duplex_Electrical.ifc
2026-03-20 22:23:40,285 [INFO] archigent.server: 🌐 [BROWSER] [Original] Loading: Ifc2x3_Duplex_Plumbing.ifc
2026-03-20 22:23:41,042 [INFO] archigent.server: 🌐 [BROWSER] [Original] IFC Loaded: Ifc2x3_Duplex_Plumbing.ifc
2026-03-20 22:23:49,818 [INFO] archigent.server: 🌐 [BROWSER] [Original] Loading: Ifc4_Revit_MEP.ifc
2026-03-20 22:23:51,573 [INFO] archigent.server: 🌐 [BROWSER] [Original] IFC Loaded: Ifc4_Revit_MEP.ifc
2026-03-20 22:23:51,938 [INFO] archigent.server: 🌐 [BROWSER] [Original] Loading: Ifc2s3_Duplex_Electrical.ifc
2026-03-20 22:23:52,070 [INFO] archigent.server: 🌐 [BROWSER] [Original] IFC Loaded: Ifc2s3_Duplex_Electrical.ifc
2026-03-20 22:23:53,185 [INFO] archigent.server: 🌐 [BROWSER] [Original] Loading: Ifc2s3_Duplex_Electrical.ifc
2026-03-20 22:23:53,261 [INFO] archigent.server: 🌐 [BROWSER] [Original] IFC Loaded: Ifc2s3_Duplex_Electrical.ifc
2026-03-20 22:24:00,061 [INFO] archigent.server: 🌐 [BROWSER] [Original] Loading: Ifc4_SampleHouse.ifc
2026-03-20 22:24:00,150 [INFO] archigent.server: 🌐 [BROWSER] [Original] IFC Loaded: Ifc4_SampleHouse.ifc
2026-03-20 22:28:56,937 [INFO] archigent.server: 🌐 [BROWSER] [Original] Loading: Ifc2s3_Duplex_Electrical.ifc
2026-03-20 22:28:57,028 [INFO] archigent.server: 🌐 [BROWSER] [Original] IFC Loaded: Ifc2s3_Duplex_Electrical.ifc
2026-03-20 22:29:06,739 [INFO] archigent.server: 🌐 [BROWSER] [Original] Loading: Ifc4_Revit_MEP.ifc
2026-03-20 22:29:08,383 [INFO] archigent.server: 🌐 [BROWSER] [Original] IFC Loaded: Ifc4_Revit_MEP.ifc
2026-03-20 22:29:26,877 [INFO] archigent.server: 🌐 [BROWSER] [Original] Loading: Ifc2x3_SampleCastle.ifc
2026-03-20 22:29:28,211 [INFO] archigent.server: 🌐 [BROWSER] [Original] IFC Loaded: Ifc2x3_SampleCastle.ifc
2026-03-20 22:33:10,359 [INFO] archigent.server: 🚀 ArchiGent 서버 시작 — http://localhost:8000
2026-03-20 22:42:26,176 [INFO] archigent.server: 🌐 [BROWSER] [Original] Loading IFC: Ifc2s3_Duplex_Electrical.ifc
2026-03-20 22:42:26,241 [INFO] archigent.server: 🌐 [BROWSER] [Original] Load Error: Cannot read properties of null (reading 'load')
2026-03-20 22:43:16,666 [INFO] archigent.server: 🌐 [BROWSER] [Original] Loading IFC: Ifc2x3_Duplex_Architecture.ifc
2026-03-20 22:43:16,697 [INFO] archigent.server: 🌐 [BROWSER] [Original] Load Error: Cannot read properties of null (reading 'load')
2026-03-20 22:43:19,473 [INFO] archigent.server: 🌐 [BROWSER] [Original] Loading IFC: Ifc4_BasinFacetedBrep.ifc
2026-03-20 22:43:19,483 [INFO] archigent.server: 🌐 [BROWSER] [Original] Load Error: Cannot read properties of null (reading 'load')
2026-03-20 22:43:22,473 [INFO] archigent.server: 🌐 [BROWSER] [Original] Loading IFC: Ifc4_Revit_MEP.ifc
2026-03-20 22:43:22,683 [INFO] archigent.server: 🌐 [BROWSER] [Original] Load Error: Cannot read properties of null (reading 'load')
2026-03-20 23:00:23,034 [INFO] archigent.server: 🚀 ArchiGent 서버 시작 — http://localhost:8000
2026-03-20 23:00:28,318 [INFO] archigent.server: 🌐 [BROWSER] [Original] Initialized
2026-03-20 23:00:28,350 [INFO] archigent.server: 🌐 [BROWSER] [Result] Initialized
2026-03-20 23:00:28,353 [INFO] archigent.server: 🌐 [BROWSER] [Original] Loading: Ifc2s3_Duplex_Electrical.ifc
2026-03-20 23:00:28,359 [INFO] archigent.server: 🌐 [BROWSER] [Original] Load Error: not compiled for this environment (did you build to HTML and try to run it not on the web, or set ENVIRONMENT to something - like node - and run it someplace else - like on the web?)
2026-03-20 23:00:31,909 [INFO] archigent.server: 🌐 [BROWSER] [Original] Loading: Ifc2x3_Duplex_Architecture.ifc
2026-03-20 23:00:31,911 [INFO] archigent.server: 🌐 [BROWSER] [Original] Load Error: not compiled for this environment (did you build to HTML and try to run it not on the web, or set ENVIRONMENT to something - like node - and run it someplace else - like on the web?)
2026-03-20 23:01:00,448 [INFO] archigent.server: 🌐 [BROWSER] [Original] Initialized
2026-03-20 23:01:00,472 [INFO] archigent.server: 🌐 [BROWSER] [Result] Initialized
2026-03-20 23:01:00,473 [INFO] archigent.server: 🌐 [BROWSER] [Original] Loading: Ifc2s3_Duplex_Electrical.ifc
2026-03-20 23:01:00,477 [INFO] archigent.server: 🌐 [BROWSER] [Original] Load Error: not compiled for this environment (did you build to HTML and try to run it not on the web, or set ENVIRONMENT to something - like node - and run it someplace else - like on the web?)
2026-03-20 23:01:03,461 [INFO] archigent.server: 🌐 [BROWSER] [Original] Loading: Ifc4_SampleHouse_IfcWallStandardCase.ifc
2026-03-20 23:01:03,463 [INFO] archigent.server: 🌐 [BROWSER] [Original] Load Error: not compiled for this environment (did you build to HTML and try to run it not on the web, or set ENVIRONMENT to something - like node - and run it someplace else - like on the web?)
2026-03-20 23:02:33,082 [INFO] archigent.server: 🌐 [BROWSER] [Original] Initialized
2026-03-20 23:02:33,121 [INFO] archigent.server: 🌐 [BROWSER] [Result] Initialized
2026-03-20 23:02:33,126 [INFO] archigent.server: 🌐 [BROWSER] [Original] Loading: Ifc2s3_Duplex_Electrical.ifc
2026-03-20 23:02:33,241 [INFO] archigent.server: 🌐 [BROWSER] [Original] Load Error: Cannot read properties of undefined (reading 'toFixed')
2026-03-20 23:02:58,778 [INFO] archigent.server: 🌐 [BROWSER] [Original] Initialized
2026-03-20 23:02:58,819 [INFO] archigent.server: 🌐 [BROWSER] [Result] Initialized
2026-03-20 23:02:58,828 [INFO] archigent.server: 🌐 [BROWSER] [Original] Loading: Ifc2s3_Duplex_Electrical.ifc
2026-03-20 23:02:58,942 [INFO] archigent.server: 🌐 [BROWSER] [Original] Load Error: Cannot read properties of undefined (reading 'toFixed')
2026-03-20 23:03:13,875 [INFO] archigent.server: 🌐 [BROWSER] [Original] Loading: Ifc2x3_Duplex_Architecture.ifc
2026-03-20 23:03:14,120 [INFO] archigent.server: 🌐 [BROWSER] [Original] Load Error: Cannot read properties of undefined (reading 'toFixed')
2026-03-20 23:04:18,137 [INFO] archigent.server: 🌐 [BROWSER] [Original] Initialized
2026-03-20 23:04:18,169 [INFO] archigent.server: 🌐 [BROWSER] [Result] Initialized
2026-03-20 23:04:18,173 [INFO] archigent.server: 🌐 [BROWSER] [Original] Loading: Ifc2s3_Duplex_Electrical.ifc
2026-03-20 23:04:18,257 [INFO] archigent.server: 🌐 [BROWSER] [Original] Load Error: geoData is not defined
2026-03-20 23:06:28,408 [INFO] archigent.server: 🌐 [BROWSER] [Original] Loading: Ifc2x3_Duplex_Architecture.ifc
2026-03-20 23:06:28,412 [INFO] archigent.server: 🌐 [BROWSER] [Original] Load Error: geoData is not defined
2026-03-20 23:07:14,073 [INFO] archigent.server: 🌐 [BROWSER] [Original] Loading: Ifc2x3_Duplex_Mechanical.ifc
2026-03-20 23:07:14,157 [INFO] archigent.server: 🌐 [BROWSER] [Original] Loading: Ifc2x3_Duplex_MEP.ifc
2026-03-20 23:07:14,437 [INFO] archigent.server: 🌐 [BROWSER] [Original] Load Error: Cannot read properties of undefined (reading 'delete')
2026-03-20 23:07:14,991 [INFO] archigent.server: 🌐 [BROWSER] [Original] Load Error: Cannot read properties of undefined (reading 'delete')
2026-03-20 23:08:14,920 [INFO] archigent.server: 🌐 [BROWSER] [Original] Initialized
2026-03-20 23:08:14,952 [INFO] archigent.server: 🌐 [BROWSER] [Result] Initialized
2026-03-20 23:08:14,955 [INFO] archigent.server: 🌐 [BROWSER] [Original] Loading: Ifc2s3_Duplex_Electrical.ifc
2026-03-20 23:08:15,336 [INFO] archigent.server: 🌐 [BROWSER] [Original] IFC Loaded: Ifc2s3_Duplex_Electrical.ifc
2026-03-20 23:08:17,023 [INFO] archigent.server: 🌐 [BROWSER] [Original] Initialized
2026-03-20 23:08:17,057 [INFO] archigent.server: 🌐 [BROWSER] [Result] Initialized
2026-03-20 23:08:17,058 [INFO] archigent.server: 🌐 [BROWSER] [Original] Loading: Ifc2s3_Duplex_Electrical.ifc
2026-03-20 23:08:17,355 [INFO] archigent.server: 🌐 [BROWSER] [Original] IFC Loaded: Ifc2s3_Duplex_Electrical.ifc
2026-03-20 23:09:54,998 [INFO] archigent.server: 🌐 [BROWSER] [Original] Loading: Ifc2x3_SampleCastle.ifc
2026-03-20 23:09:56,973 [INFO] archigent.server: 🌐 [BROWSER] [Original] IFC Loaded: Ifc2x3_SampleCastle.ifc
2026-03-20 23:10:10,094 [INFO] archigent.server: 🌐 [BROWSER] [Original] Initialized
2026-03-20 23:10:10,128 [INFO] archigent.server: 🌐 [BROWSER] [Result] Initialized
2026-03-20 23:10:10,129 [INFO] archigent.server: 🌐 [BROWSER] [Original] Loading: Ifc2s3_Duplex_Electrical.ifc
2026-03-20 23:10:10,364 [INFO] archigent.server: 🌐 [BROWSER] [Original] IFC Loaded: Ifc2s3_Duplex_Electrical.ifc
2026-03-20 23:10:12,316 [INFO] archigent.server: 🌐 [BROWSER] [Original] Loading: Ifc2x3_Duplex_Architecture.ifc
2026-03-20 23:10:12,694 [INFO] archigent.server: 🌐 [BROWSER] [Original] IFC Loaded: Ifc2x3_Duplex_Architecture.ifc
2026-03-20 23:11:00,621 [INFO] archigent.server: 🌐 [BROWSER] [Original] Loading: Ifc2x3_SampleCastle.ifc
2026-03-20 23:11:02,026 [INFO] archigent.server: 🌐 [BROWSER] [Original] IFC Loaded: Ifc2x3_SampleCastle.ifc
2026-03-20 23:11:11,619 [INFO] archigent.server: 🌐 [BROWSER] [Original] Loading: Ifc4_SampleHouse_IfcWallStandardCase.ifc
2026-03-20 23:11:12,041 [INFO] archigent.server: 🌐 [BROWSER] [Original] IFC Loaded: Ifc4_SampleHouse_IfcWallStandardCase.ifc
2026-03-20 23:11:33,336 [INFO] archigent.server: 🌐 [BROWSER] [Original] Initialized
2026-03-20 23:11:33,393 [INFO] archigent.server: 🌐 [BROWSER] [Result] Initialized
2026-03-20 23:11:33,395 [INFO] archigent.server: 🌐 [BROWSER] [Original] Loading: Ifc2s3_Duplex_Electrical.ifc
2026-03-20 23:11:33,630 [INFO] archigent.server: 🌐 [BROWSER] [Original] IFC Loaded: Ifc2s3_Duplex_Electrical.ifc
2026-03-20 23:11:35,698 [INFO] archigent.server: 🌐 [BROWSER] [Original] Loading: Ifc4_SampleHouse_IfcWallStandardCase.ifc
2026-03-20 23:11:35,745 [INFO] archigent.server: 🌐 [BROWSER] [Original] IFC Loaded: Ifc4_SampleHouse_IfcWallStandardCase.ifc
2026-03-20 23:11:38,595 [INFO] archigent.server: 🌐 [BROWSER] [Original] Loading: Ifc4_Revit_ARC_FireRatingAdded.ifc
2026-03-20 23:11:39,375 [INFO] archigent.server: 🌐 [BROWSER] [Original] IFC Loaded: Ifc4_Revit_ARC_FireRatingAdded.ifc
2026-03-20 23:12:02,969 [INFO] archigent.server: 🚀 ArchiGent 서버 시작 — http://localhost:8000
2026-03-20 23:12:05,374 [INFO] archigent.server: 🌐 [BROWSER] [Original] Initialized
2026-03-20 23:12:05,534 [INFO] archigent.server: 🌐 [BROWSER] [Result] Initialized
2026-03-20 23:12:05,537 [INFO] archigent.server: 🌐 [BROWSER] [Original] Loading: Ifc2s3_Duplex_Electrical.ifc
2026-03-20 23:12:05,796 [INFO] archigent.server: 🌐 [BROWSER] [Original] IFC Loaded: Ifc2s3_Duplex_Electrical.ifc
2026-03-20 23:12:07,250 [INFO] archigent.server: 🌐 [BROWSER] [Original] Initialized
2026-03-20 23:12:07,294 [INFO] archigent.server: 🌐 [BROWSER] [Result] Initialized
2026-03-20 23:12:07,296 [INFO] archigent.server: 🌐 [BROWSER] [Original] Loading: Ifc2s3_Duplex_Electrical.ifc
2026-03-20 23:12:07,490 [INFO] archigent.server: 🌐 [BROWSER] [Original] IFC Loaded: Ifc2s3_Duplex_Electrical.ifc
2026-03-20 23:12:09,490 [INFO] archigent.server: 🌐 [BROWSER] [Original] Loading: Ifc2x3_SampleCastle.ifc
2026-03-20 23:12:11,107 [INFO] archigent.server: 🌐 [BROWSER] [Original] IFC Loaded: Ifc2x3_SampleCastle.ifc
2026-03-20 23:13:58,273 [INFO] archigent.server: 🌐 [BROWSER] [Original] Initialized
2026-03-20 23:13:58,329 [INFO] archigent.server: 🌐 [BROWSER] [Result] Initialized
2026-03-20 23:13:58,337 [INFO] archigent.server: 🌐 [BROWSER] [Original] Loading: Ifc2s3_Duplex_Electrical.ifc
2026-03-20 23:13:58,703 [INFO] archigent.server: 🌐 [BROWSER] [Original] IFC Loaded: Ifc2s3_Duplex_Electrical.ifc
2026-03-20 23:14:19,646 [INFO] archigent.server: 🌐 [BROWSER] [Original] Loading: Ifc4_CubeAdvancedBrep.ifc
2026-03-20 23:14:19,779 [INFO] archigent.server: 🌐 [BROWSER] [Original] IFC Loaded: Ifc4_CubeAdvancedBrep.ifc
2026-03-20 23:14:31,948 [INFO] archigent.server: 🌐 [BROWSER] [Original] Loading: Ifc2s3_Duplex_Electrical.ifc
2026-03-20 23:14:32,040 [INFO] archigent.server: 🌐 [BROWSER] [Original] IFC Loaded: Ifc2s3_Duplex_Electrical.ifc
2026-03-20 23:14:40,448 [INFO] archigent.server: 🌐 [BROWSER] [Original] Loading: Ifc2x3_Duplex_Architecture.ifc
2026-03-20 23:14:41,062 [INFO] archigent.server: 🌐 [BROWSER] [Original] IFC Loaded: Ifc2x3_Duplex_Architecture.ifc
2026-03-20 23:14:47,954 [INFO] archigent.server: 🌐 [BROWSER] [Original] Loading: Ifc2s3_Duplex_Electrical.ifc
2026-03-20 23:14:48,383 [INFO] archigent.server: 🌐 [BROWSER] [Original] IFC Loaded: Ifc2s3_Duplex_Electrical.ifc
2026-03-20 23:14:56,317 [INFO] archigent.server: 🌐 [BROWSER] [Original] Loading: Ifc2x3_SampleCastle.ifc
2026-03-20 23:15:01,455 [INFO] archigent.server: 🌐 [BROWSER] [Original] IFC Loaded: Ifc2x3_SampleCastle.ifc
2026-03-20 23:15:23,978 [INFO] archigent.server: 🌐 [BROWSER] [Original] Loading: Ifc2x3_Duplex_Architecture.ifc
2026-03-20 23:15:25,072 [INFO] archigent.server: 🌐 [BROWSER] [Original] IFC Loaded: Ifc2x3_Duplex_Architecture.ifc
2026-03-20 23:15:45,085 [INFO] archigent.server: 🌐 [BROWSER] [Original] Loading: Ifc2s3_Duplex_Electrical.ifc
2026-03-20 23:15:45,872 [INFO] archigent.server: 🌐 [BROWSER] [Original] IFC Loaded: Ifc2s3_Duplex_Electrical.ifc
2026-03-20 23:15:48,899 [INFO] archigent.server: 🌐 [BROWSER] [Original] Initialized
2026-03-20 23:15:49,095 [INFO] archigent.server: 🌐 [BROWSER] [Result] Initialized
2026-03-20 23:15:49,098 [INFO] archigent.server: 🌐 [BROWSER] [Original] Loading: Ifc2s3_Duplex_Electrical.ifc
2026-03-20 23:15:49,382 [INFO] archigent.server: 🌐 [BROWSER] [Original] IFC Loaded: Ifc2s3_Duplex_Electrical.ifc
2026-03-20 23:15:56,125 [INFO] archigent.server: 🌐 [BROWSER] [Original] Loading: Ifc2x3_Duplex_MEP.ifc
2026-03-20 23:15:58,168 [INFO] archigent.server: 🌐 [BROWSER] [Original] Loading: Ifc4_Revit_ARC_FireRatingAdded.ifc
2026-03-20 23:15:58,201 [INFO] archigent.server: 🌐 [BROWSER] [Original] IFC Loaded: Ifc2x3_Duplex_MEP.ifc
2026-03-20 23:15:58,737 [INFO] archigent.server: 🌐 [BROWSER] [Original] Loading: Ifc2x3_Duplex_Plumbing.ifc
2026-03-20 23:15:58,845 [INFO] archigent.server: 🌐 [BROWSER] [Original] Loading: Ifc2x3_SampleCastle.ifc
2026-03-20 23:15:59,343 [INFO] archigent.server: 🌐 [BROWSER] [Original] IFC Loaded: Ifc4_Revit_ARC_FireRatingAdded.ifc
2026-03-20 23:16:04,261 [INFO] archigent.server: 🌐 [BROWSER] [Original] IFC Loaded: Ifc2x3_Duplex_Plumbing.ifc
2026-03-20 23:16:05,451 [INFO] archigent.server: 🌐 [BROWSER] [Original] Loading: Ifc2x3_SampleCastle.ifc
2026-03-20 23:16:08,421 [INFO] archigent.server: 🌐 [BROWSER] [Original] IFC Loaded: Ifc2x3_SampleCastle.ifc
2026-03-20 23:16:08,992 [INFO] archigent.server: 🌐 [BROWSER] [Original] IFC Loaded: Ifc2x3_SampleCastle.ifc
2026-03-20 23:16:29,104 [INFO] archigent.server: 🌐 [BROWSER] [Original] Initialized
2026-03-20 23:16:29,172 [INFO] archigent.server: 🌐 [BROWSER] [Result] Initialized
2026-03-20 23:16:29,176 [INFO] archigent.server: 🌐 [BROWSER] [Original] Loading: Ifc2s3_Duplex_Electrical.ifc
2026-03-20 23:16:29,720 [INFO] archigent.server: 🌐 [BROWSER] [Original] IFC Loaded: Ifc2s3_Duplex_Electrical.ifc
2026-03-20 23:16:37,704 [INFO] archigent.server: 🌐 [BROWSER] [Original] Loading: Ifc2x3_Duplex_Architecture.ifc
2026-03-20 23:16:38,094 [INFO] archigent.server: 🌐 [BROWSER] [Original] Loading: Ifc2x3_SampleCastle.ifc
2026-03-20 23:16:38,810 [INFO] archigent.server: 🌐 [BROWSER] [Original] IFC Loaded: Ifc2x3_Duplex_Architecture.ifc
2026-03-20 23:16:45,840 [INFO] archigent.server: 🌐 [BROWSER] [Original] IFC Loaded: Ifc2x3_SampleCastle.ifc
2026-03-20 23:17:09,313 [INFO] archigent.server: 🌐 [BROWSER] [Original] Loading: Ifc2s3_Duplex_Electrical.ifc
2026-03-20 23:17:11,469 [INFO] archigent.server: 🌐 [BROWSER] [Original] IFC Loaded: Ifc2s3_Duplex_Electrical.ifc
2026-03-20 23:17:19,336 [INFO] archigent.server: 🌐 [BROWSER] [Original] Loading: Ifc2x3_Duplex_Architecture.ifc
2026-03-20 23:17:19,670 [INFO] archigent.server: 🌐 [BROWSER] [Original] Loading: Ifc2x3_SampleCastle.ifc
2026-03-20 23:17:21,094 [INFO] archigent.server: 🌐 [BROWSER] [Original] IFC Loaded: Ifc2x3_Duplex_Architecture.ifc
2026-03-20 23:17:27,451 [INFO] archigent.server: 🌐 [BROWSER] [Original] IFC Loaded: Ifc2x3_SampleCastle.ifc
2026-03-20 23:17:57,586 [INFO] archigent.server: 🌐 [BROWSER] [Original] Initialized
2026-03-20 23:17:57,764 [INFO] archigent.server: 🌐 [BROWSER] [Result] Initialized
2026-03-20 23:17:57,772 [INFO] archigent.server: 🌐 [BROWSER] [Original] Loading: Ifc2s3_Duplex_Electrical.ifc
2026-03-20 23:17:58,149 [INFO] archigent.server: 🌐 [BROWSER] [Original] IFC Loaded: Ifc2s3_Duplex_Electrical.ifc
2026-03-20 23:18:04,527 [INFO] archigent.server: 🌐 [BROWSER] [Original] Loading: Ifc2x3_Duplex_Architecture.ifc
2026-03-20 23:18:04,588 [INFO] archigent.server: 🌐 [BROWSER] [Original] Loading: Ifc2x3_SampleCastle.ifc
2026-03-20 23:18:05,415 [INFO] archigent.server: 🌐 [BROWSER] [Original] IFC Loaded: Ifc2x3_Duplex_Architecture.ifc
2026-03-20 23:18:08,916 [INFO] archigent.server: 🌐 [BROWSER] [Original] IFC Loaded: Ifc2x3_SampleCastle.ifc
2026-03-20 23:19:02,645 [INFO] archigent.server: 🌐 [BROWSER] [Original] Initialized
2026-03-20 23:19:02,705 [INFO] archigent.server: 🌐 [BROWSER] [Result] Initialized
2026-03-20 23:19:02,709 [INFO] archigent.server: 🌐 [BROWSER] [Original] Loading: Ifc2s3_Duplex_Electrical.ifc
2026-03-20 23:19:03,007 [INFO] archigent.server: 🌐 [BROWSER] [Original] IFC Loaded: Ifc2s3_Duplex_Electrical.ifc
2026-03-20 23:19:27,194 [INFO] archigent.server: 🌐 [BROWSER] [Original] Loading: Ifc2x3_Duplex_Architecture.ifc
2026-03-20 23:19:27,197 [INFO] archigent.server: 🌐 [BROWSER] [Original] Loading: Ifc2x3_SampleCastle.ifc
2026-03-20 23:19:27,949 [INFO] archigent.server: 🌐 [BROWSER] [Original] IFC Loaded: Ifc2x3_Duplex_Architecture.ifc
2026-03-20 23:19:33,061 [INFO] archigent.server: 🌐 [BROWSER] [Original] IFC Loaded: Ifc2x3_SampleCastle.ifc
2026-03-20 23:20:44,960 [INFO] archigent.server: 🌐 [BROWSER] [Original] Initialized
2026-03-20 23:20:45,268 [INFO] archigent.server: 🌐 [BROWSER] [Result] Initialized
2026-03-20 23:20:45,306 [INFO] archigent.server: 🌐 [BROWSER] [Original] Loading: Ifc2s3_Duplex_Electrical.ifc
2026-03-20 23:20:46,041 [INFO] archigent.server: 🌐 [BROWSER] [Original] IFC Loaded: Ifc2s3_Duplex_Electrical.ifc
2026-03-20 23:20:49,027 [INFO] archigent.server: 🌐 [BROWSER] [Original] Loading: Ifc4_Revit_MEP.ifc
2026-03-20 23:20:53,044 [INFO] archigent.server: 🌐 [BROWSER] [Original] IFC Loaded: Ifc4_Revit_MEP.ifc
2026-03-20 23:21:12,828 [INFO] archigent.server: 🌐 [BROWSER] [Original] Initialized
2026-03-20 23:21:12,893 [INFO] archigent.server: 🌐 [BROWSER] [Result] Initialized
2026-03-20 23:21:12,897 [INFO] archigent.server: 🌐 [BROWSER] [Original] Loading: Ifc2s3_Duplex_Electrical.ifc
2026-03-20 23:21:13,131 [INFO] archigent.server: 🌐 [BROWSER] [Original] IFC Loaded: Ifc2s3_Duplex_Electrical.ifc
2026-03-20 23:21:15,419 [INFO] archigent.server: 🌐 [BROWSER] [Original] Loading: Ifc4_SampleHouse_IfcWallStandardCase.ifc
2026-03-20 23:21:15,483 [INFO] archigent.server: 🌐 [BROWSER] [Original] IFC Loaded: Ifc4_SampleHouse_IfcWallStandardCase.ifc
2026-03-20 23:21:18,428 [INFO] archigent.server: 🌐 [BROWSER] [Original] Loading: Ifc2x3_Duplex_Mechanical.ifc
2026-03-20 23:21:19,313 [INFO] archigent.server: 🌐 [BROWSER] [Original] IFC Loaded: Ifc2x3_Duplex_Mechanical.ifc
2026-03-20 23:21:21,459 [INFO] archigent.server: 🌐 [BROWSER] [Original] Loading: Ifc2x3_Duplex_Architecture.ifc
2026-03-20 23:21:21,868 [INFO] archigent.server: 🌐 [BROWSER] [Original] IFC Loaded: Ifc2x3_Duplex_Architecture.ifc
2026-03-20 23:21:23,787 [INFO] archigent.server: 🌐 [BROWSER] [Original] Loading: Ifc2x3_Duplex_MEP.ifc
2026-03-20 23:21:24,901 [INFO] archigent.server: 🌐 [BROWSER] [Original] IFC Loaded: Ifc2x3_Duplex_MEP.ifc
2026-03-20 23:21:27,900 [INFO] archigent.server: 🌐 [BROWSER] [Original] Loading: Ifc2x3_Duplex_Plumbing.ifc
2026-03-20 23:21:29,279 [INFO] archigent.server: 🌐 [BROWSER] [Original] IFC Loaded: Ifc2x3_Duplex_Plumbing.ifc
2026-03-20 23:21:31,506 [INFO] archigent.server: 🌐 [BROWSER] [Original] Loading: Ifc2x3_SampleCastle.ifc
2026-03-20 23:21:33,704 [INFO] archigent.server: 🌐 [BROWSER] [Original] IFC Loaded: Ifc2x3_SampleCastle.ifc
2026-03-20 23:21:51,154 [INFO] archigent.server: 🌐 [BROWSER] [Original] Loading: Ifc4_SampleHouse_IfcWallStandardCase.ifc
2026-03-20 23:21:52,214 [INFO] archigent.server: 🌐 [BROWSER] [Original] IFC Loaded: Ifc4_SampleHouse_IfcWallStandardCase.ifc
2026-03-20 23:21:54,922 [INFO] archigent.server: 🌐 [BROWSER] [Original] Loading: Ifc4_SampleHouse_1_Roof.ifc
2026-03-20 23:21:54,935 [INFO] archigent.server: 🌐 [BROWSER] [Original] IFC Loaded: Ifc4_SampleHouse_1_Roof.ifc
2026-03-20 23:21:57,337 [INFO] archigent.server: 🌐 [BROWSER] [Original] Loading: Ifc4_SampleHouse_0_GroundFloor.ifc
2026-03-20 23:21:57,488 [INFO] archigent.server: 🌐 [BROWSER] [Original] IFC Loaded: Ifc4_SampleHouse_0_GroundFloor.ifc
2026-03-20 23:22:00,529 [INFO] archigent.server: 🌐 [BROWSER] [Original] Loading: Ifc4_Revit_ARC_FireRatingAdded.ifc
2026-03-20 23:22:01,353 [INFO] archigent.server: 🌐 [BROWSER] [Original] IFC Loaded: Ifc4_Revit_ARC_FireRatingAdded.ifc
2026-03-20 23:22:09,681 [INFO] archigent.server: 🌐 [BROWSER] [Original] Loading: Ifc4_Revit_ARC.ifc
2026-03-20 23:22:11,010 [INFO] archigent.server: 🌐 [BROWSER] [Original] IFC Loaded: Ifc4_Revit_ARC.ifc
2026-03-20 23:22:15,337 [INFO] archigent.server: 🌐 [BROWSER] [Original] Loading: Ifc4_Revit_MEP.ifc
2026-03-20 23:22:18,062 [INFO] archigent.server: 🌐 [BROWSER] [Original] IFC Loaded: Ifc4_Revit_MEP.ifc
2026-03-20 23:22:31,603 [INFO] archigent.server: 🌐 [BROWSER] [Original] Loading: Ifc4_WallElementedCase.ifc
2026-03-20 23:22:35,462 [INFO] archigent.server: 🌐 [BROWSER] [Original] IFC Loaded: Ifc4_WallElementedCase.ifc
2026-03-20 23:22:37,371 [INFO] archigent.server: 🌐 [BROWSER] [Original] Loading: Ifc4_SampleHouse_IfcWindow.ifc
2026-03-20 23:22:37,425 [INFO] archigent.server: 🌐 [BROWSER] [Original] IFC Loaded: Ifc4_SampleHouse_IfcWindow.ifc
2026-03-20 23:22:39,121 [INFO] archigent.server: 🌐 [BROWSER] [Original] Loading: Ifc4_SampleHouse_1_Roof.ifc
2026-03-20 23:22:39,154 [INFO] archigent.server: 🌐 [BROWSER] [Original] IFC Loaded: Ifc4_SampleHouse_1_Roof.ifc
2026-03-20 23:22:40,456 [INFO] archigent.server: 🌐 [BROWSER] [Original] Loading: Ifc4_SampleHouse_0_GroundFloor.ifc
2026-03-20 23:22:40,605 [INFO] archigent.server: 🌐 [BROWSER] [Original] IFC Loaded: Ifc4_SampleHouse_0_GroundFloor.ifc
2026-03-20 23:22:42,641 [INFO] archigent.server: 🌐 [BROWSER] [Original] Loading: Ifc4_SampleHouse.ifc
2026-03-20 23:22:42,821 [INFO] archigent.server: 🌐 [BROWSER] [Original] IFC Loaded: Ifc4_SampleHouse.ifc
2026-03-20 23:22:45,870 [INFO] archigent.server: 🌐 [BROWSER] [Original] Loading: Ifc4_SampleHouse_0_GroundFloor.ifc
2026-03-20 23:22:46,174 [INFO] archigent.server: 🌐 [BROWSER] [Original] IFC Loaded: Ifc4_SampleHouse_0_GroundFloor.ifc
2026-03-20 23:22:50,929 [INFO] archigent.server: 🌐 [BROWSER] [Original] Loading: Ifc2x3_SampleCastle.ifc
2026-03-20 23:22:53,006 [INFO] archigent.server: 🌐 [BROWSER] [Original] IFC Loaded: Ifc2x3_SampleCastle.ifc
